<?xml version="1.0" encoding="UTF-8"?>
<!-- Generated by org.testng.reporters.JUnitXMLReporter -->
<testsuite ignored="0" hostname="TEST-010" failures="0" tests="13" name="Default test" time="285.699" errors="0" timestamp="2023-02-10T15:17:11 IST">
  <testcase classname="scripts.inVC_Recurring_Schedule" name="tc1" time="6.747"/>
  <testcase classname="scripts.inVC_Recurring_Schedule" name="tc2" time="8.703"/>
  <testcase classname="scripts.inVC_Recurring_Schedule" name="tc3" time="17.835"/>
  <testcase classname="scripts.inVC_Recurring_Schedule" name="tc4" time="19.066"/>
  <testcase classname="scripts.inVC_Recurring_Schedule" name="tc5" time="24.34"/>
  <testcase classname="scripts.inVC_Recurring_Schedule" name="tc6" time="6.603"/>
  <testcase classname="scripts.inVC_Recurring_Schedule" name="tc7" time="12.164"/>
  <testcase classname="scripts.inVC_Recurring_Schedule" name="tc8" time="12.594"/>
  <testcase classname="scripts.inVC_Recurring_Schedule" name="tc9" time="15.652"/>
  <testcase classname="scripts.inVC_Recurring_Schedule" name="tc10" time="11.222"/>
  <testcase classname="scripts.inVC_Recurring_Schedule" name="tc11" time="10.574"/>
  <testcase classname="scripts.inVC_Recurring_Schedule" name="tc12" time="16.222"/>
  <testcase classname="scripts.inVC_Recurring_Schedule" name="tc14" time="3.854"/>
</testsuite> <!-- Default test -->
